<?xml version="1.0" encoding="UTF-8"?>
<!-- Generated by org.testng.reporters.JUnitXMLReporter -->
<testsuite ignored="0" hostname="DESKTOP-3P2ER4V" failures="0" tests="8" name="Default test" time="14.063" errors="0" timestamp="2023-07-04T11:17:15 IDT">
  <testcase classname="test.ZoomInfo" name="Plus" time="3.663"/>
  <testcase classname="test.ZoomInfo" name="Minus" time="1.279"/>
  <testcase classname="test.ZoomInfo" name="notEqual" time="1.395"/>
  <testcase classname="test.ZoomInfo" name="sin" time="1.079"/>
  <testcase classname="test.ZoomInfo" name="historyCheckStepFour" time="0.151"/>
  <testcase classname="test.ZoomInfo" name="historyCheckStepThree" time="0.069"/>
  <testcase classname="test.ZoomInfo" name="historyCheckStepTwo" time="0.063"/>
  <testcase classname="test.ZoomInfo" name="historyCheckStepOne" time="0.073"/>
</testsuite> <!-- Default test -->
